01-30 15:26:31 com_github_MitjaNemec_Archive3DModels.action_archive_3d_models 220:Plugin executed on: 'linux'
01-30 15:26:31 com_github_MitjaNemec_Archive3DModels.action_archive_3d_models 221:Plugin executed with python version: '3.10.9 (main, Dec 19 2022, 17:35:49) [GCC 12.2.0]'
01-30 15:26:31 com_github_MitjaNemec_Archive3DModels.action_archive_3d_models 222:KiCad build version: (6.0.11)
01-30 15:26:31 com_github_MitjaNemec_Archive3DModels.action_archive_3d_models 223:Plugin version: 1.0.5

01-30 15:26:31 com_github_MitjaNemec_Archive3DModels.action_archive_3d_models 228:Screen sizes: [wx.Size(1920, 1080)]
01-30 15:26:31 com_github_MitjaNemec_Archive3DModels.action_archive_3d_models 235:Dialog size: wx.Size(213, 81)
01-30 15:26:31 com_github_MitjaNemec_Archive3DModels.action_archive_3d_models 237:Char size: 19
01-30 15:26:37 com_github_MitjaNemec_Archive3DModels.archive_3d_models 13:Starting to archive 3D models
01-30 15:26:37 com_github_MitjaNemec_Archive3DModels.archive_3d_models 34:Getting 3D models for footprint of: L2
01-30 15:26:37 com_github_MitjaNemec_Archive3DModels.archive_3d_models 45:Trying to copy: /mnt/DAA829C1A8299CCF/EEE/S7/PROJ/COMPS/INDC/10uH crct/ul_SRN1060-100M/2022-12-30_05-22-47/STEP/IND_BOURNS_SRN1060.step
01-30 15:26:37 com_github_MitjaNemec_Archive3DModels.archive_3d_models 105:Remapping: /mnt/DAA829C1A8299CCF/EEE/S7/PROJ/COMPS/INDC/10uH crct/ul_SRN1060-100M/2022-12-30_05-22-47/STEP/IND_BOURNS_SRN1060.step
01-30 15:26:37 com_github_MitjaNemec_Archive3DModels.archive_3d_models 34:Getting 3D models for footprint of: C2
01-30 15:26:37 com_github_MitjaNemec_Archive3DModels.archive_3d_models 45:Trying to copy: /mnt/DAA829C1A8299CCF/EEE/S7/PROJ/COMPS/CAP/22uF low esr crctd/LIB_C3216JB1C226M160AB/C3216JB1C226M160AB/3D/C3216JB1C226M160AB.stp
01-30 15:26:37 com_github_MitjaNemec_Archive3DModels.archive_3d_models 105:Remapping: /mnt/DAA829C1A8299CCF/EEE/S7/PROJ/COMPS/CAP/22uF low esr crctd/LIB_C3216JB1C226M160AB/C3216JB1C226M160AB/3D/C3216JB1C226M160AB.stp
01-30 15:26:37 com_github_MitjaNemec_Archive3DModels.archive_3d_models 45:Trying to copy: ${KIPRJMOD}/packages3D/C3216JB1C226M160AB.stp
01-30 15:26:37 com_github_MitjaNemec_Archive3DModels.archive_3d_models 105:Remapping: ${KIPRJMOD}/packages3D/C3216JB1C226M160AB.stp
01-30 15:26:37 com_github_MitjaNemec_Archive3DModels.archive_3d_models 34:Getting 3D models for footprint of: SHDN1
01-30 15:26:37 com_github_MitjaNemec_Archive3DModels.archive_3d_models 45:Trying to copy: ${KICAD6_3DMODEL_DIR}/Connector_PinHeader_1.00mm.3dshapes/PinHeader_1x02_P1.00mm_Vertical.wrl
01-30 15:26:37 com_github_MitjaNemec_Archive3DModels.archive_3d_models 105:Remapping: ${KICAD6_3DMODEL_DIR}/Connector_PinHeader_1.00mm.3dshapes/PinHeader_1x02_P1.00mm_Vertical.wrl
01-30 15:26:37 com_github_MitjaNemec_Archive3DModels.archive_3d_models 34:Getting 3D models for footprint of: R6
01-30 15:26:37 com_github_MitjaNemec_Archive3DModels.archive_3d_models 45:Trying to copy: /mnt/DAA829C1A8299CCF/EEE/S7/PROJ/COMPS/RST/50m/LIB_WSLP1206R0500FEA/WSLP1206R0500FEA/3D/WSLP1206R0500FEA.stp
01-30 15:26:37 com_github_MitjaNemec_Archive3DModels.archive_3d_models 105:Remapping: /mnt/DAA829C1A8299CCF/EEE/S7/PROJ/COMPS/RST/50m/LIB_WSLP1206R0500FEA/WSLP1206R0500FEA/3D/WSLP1206R0500FEA.stp
01-30 15:26:37 com_github_MitjaNemec_Archive3DModels.archive_3d_models 45:Trying to copy: ${KIPRJMOD}/packages3D/WSLP1206R0500FEA.stp
01-30 15:26:37 com_github_MitjaNemec_Archive3DModels.archive_3d_models 105:Remapping: ${KIPRJMOD}/packages3D/WSLP1206R0500FEA.stp
01-30 15:26:37 com_github_MitjaNemec_Archive3DModels.archive_3d_models 34:Getting 3D models for footprint of: R5
01-30 15:26:37 com_github_MitjaNemec_Archive3DModels.archive_3d_models 45:Trying to copy: /mnt/DAA829C1A8299CCF/EEE/S7/PROJ/COMPS/RST/50m/LIB_WSLP1206R0500FEA/WSLP1206R0500FEA/3D/WSLP1206R0500FEA.stp
01-30 15:26:37 com_github_MitjaNemec_Archive3DModels.archive_3d_models 105:Remapping: /mnt/DAA829C1A8299CCF/EEE/S7/PROJ/COMPS/RST/50m/LIB_WSLP1206R0500FEA/WSLP1206R0500FEA/3D/WSLP1206R0500FEA.stp
01-30 15:26:37 com_github_MitjaNemec_Archive3DModels.archive_3d_models 45:Trying to copy: ${KIPRJMOD}/packages3D/WSLP1206R0500FEA.stp
01-30 15:26:37 com_github_MitjaNemec_Archive3DModels.archive_3d_models 105:Remapping: ${KIPRJMOD}/packages3D/WSLP1206R0500FEA.stp
01-30 15:26:37 com_github_MitjaNemec_Archive3DModels.archive_3d_models 34:Getting 3D models for footprint of: J1
01-30 15:26:37 com_github_MitjaNemec_Archive3DModels.archive_3d_models 45:Trying to copy: ${KICAD6_3DMODEL_DIR}/TerminalBlock_MetzConnect.3dshapes/TerminalBlock_MetzConnect_Type055_RT01503HDWU_1x03_P5.00mm_Horizontal.wrl
01-30 15:26:37 com_github_MitjaNemec_Archive3DModels.archive_3d_models 101:Did not copy: ${KICAD6_3DMODEL_DIR}/TerminalBlock_MetzConnect.3dshapes/TerminalBlock_MetzConnect_Type055_RT01503HDWU_1x03_P5.00mm_Horizontal.wrl
01-30 15:26:37 com_github_MitjaNemec_Archive3DModels.archive_3d_models 105:Remapping: ${KICAD6_3DMODEL_DIR}/TerminalBlock_MetzConnect.3dshapes/TerminalBlock_MetzConnect_Type055_RT01503HDWU_1x03_P5.00mm_Horizontal.wrl
01-30 15:26:37 com_github_MitjaNemec_Archive3DModels.archive_3d_models 34:Getting 3D models for footprint of: R1
01-30 15:26:37 com_github_MitjaNemec_Archive3DModels.archive_3d_models 45:Trying to copy: /mnt/DAA829C1A8299CCF/EEE/S7/PROJ/COMPS/RST/95.3k/LIB_CR0805-FX-9532ELF/CR0805-FX-9532ELF/3D/CR0805-FX-9532ELF.stp
01-30 15:26:37 com_github_MitjaNemec_Archive3DModels.archive_3d_models 105:Remapping: /mnt/DAA829C1A8299CCF/EEE/S7/PROJ/COMPS/RST/95.3k/LIB_CR0805-FX-9532ELF/CR0805-FX-9532ELF/3D/CR0805-FX-9532ELF.stp
01-30 15:26:37 com_github_MitjaNemec_Archive3DModels.archive_3d_models 45:Trying to copy: ${KIPRJMOD}/packages3D/CR0805-FX-9532ELF.stp
01-30 15:26:37 com_github_MitjaNemec_Archive3DModels.archive_3d_models 105:Remapping: ${KIPRJMOD}/packages3D/CR0805-FX-9532ELF.stp
01-30 15:26:37 com_github_MitjaNemec_Archive3DModels.archive_3d_models 34:Getting 3D models for footprint of: Boost_IC1
01-30 15:26:37 com_github_MitjaNemec_Archive3DModels.archive_3d_models 45:Trying to copy: /mnt/DAA829C1A8299CCF/EEE/S7/PROJ/COMPS/BOOST/LTC3426ES6#TRMPBF/3D/LTC3426ES6#TRMPBF.stp
01-30 15:26:37 com_github_MitjaNemec_Archive3DModels.archive_3d_models 105:Remapping: /mnt/DAA829C1A8299CCF/EEE/S7/PROJ/COMPS/BOOST/LTC3426ES6#TRMPBF/3D/LTC3426ES6#TRMPBF.stp
01-30 15:26:37 com_github_MitjaNemec_Archive3DModels.archive_3d_models 45:Trying to copy: ${KIPRJMOD}/packages3D/LTC3426ES6#TRMPBF.stp
01-30 15:26:37 com_github_MitjaNemec_Archive3DModels.archive_3d_models 105:Remapping: ${KIPRJMOD}/packages3D/LTC3426ES6#TRMPBF.stp
01-30 15:26:37 com_github_MitjaNemec_Archive3DModels.archive_3d_models 34:Getting 3D models for footprint of: U2
01-30 15:26:37 com_github_MitjaNemec_Archive3DModels.archive_3d_models 45:Trying to copy: ${KIPRJMOD}/LIBS/3D/LTC2990CMS#PBF.stp
01-30 15:26:37 com_github_MitjaNemec_Archive3DModels.archive_3d_models 105:Remapping: ${KIPRJMOD}/LIBS/3D/LTC2990CMS#PBF.stp
01-30 15:26:37 com_github_MitjaNemec_Archive3DModels.archive_3d_models 45:Trying to copy: ${KIPRJMOD}/packages3D/LTC2990CMS#PBF.stp
01-30 15:26:37 com_github_MitjaNemec_Archive3DModels.archive_3d_models 105:Remapping: ${KIPRJMOD}/packages3D/LTC2990CMS#PBF.stp
01-30 15:26:37 com_github_MitjaNemec_Archive3DModels.archive_3d_models 34:Getting 3D models for footprint of: D1
01-30 15:26:37 com_github_MitjaNemec_Archive3DModels.archive_3d_models 45:Trying to copy: /mnt/DAA829C1A8299CCF/EEE/S7/PROJ/COMPS/Schottky/LIB_RBR3L40ADDTE25/RBR3L40ADDTE25/3D/RBR3L40ADDTE25.stp
01-30 15:26:37 com_github_MitjaNemec_Archive3DModels.archive_3d_models 105:Remapping: /mnt/DAA829C1A8299CCF/EEE/S7/PROJ/COMPS/Schottky/LIB_RBR3L40ADDTE25/RBR3L40ADDTE25/3D/RBR3L40ADDTE25.stp
01-30 15:26:37 com_github_MitjaNemec_Archive3DModels.archive_3d_models 45:Trying to copy: ${KIPRJMOD}/packages3D/RBR3L40ADDTE25.stp
01-30 15:26:37 com_github_MitjaNemec_Archive3DModels.archive_3d_models 105:Remapping: ${KIPRJMOD}/packages3D/RBR3L40ADDTE25.stp
01-30 15:26:37 com_github_MitjaNemec_Archive3DModels.archive_3d_models 34:Getting 3D models for footprint of: J2
01-30 15:26:37 com_github_MitjaNemec_Archive3DModels.archive_3d_models 45:Trying to copy: ${KICAD6_3DMODEL_DIR}/Connector_Pin.3dshapes/Pin_D1.3mm_L11.0mm_LooseFit.wrl
01-30 15:26:37 com_github_MitjaNemec_Archive3DModels.archive_3d_models 101:Did not copy: ${KICAD6_3DMODEL_DIR}/Connector_Pin.3dshapes/Pin_D1.3mm_L11.0mm_LooseFit.wrl
01-30 15:26:37 com_github_MitjaNemec_Archive3DModels.archive_3d_models 105:Remapping: ${KICAD6_3DMODEL_DIR}/Connector_Pin.3dshapes/Pin_D1.3mm_L11.0mm_LooseFit.wrl
01-30 15:26:37 com_github_MitjaNemec_Archive3DModels.archive_3d_models 34:Getting 3D models for footprint of: R7
01-30 15:26:37 com_github_MitjaNemec_Archive3DModels.archive_3d_models 45:Trying to copy: /mnt/DAA829C1A8299CCF/EEE/S7/PROJ/COMPS/RST/50m/LIB_WSLP1206R0500FEA/WSLP1206R0500FEA/3D/WSLP1206R0500FEA.stp
01-30 15:26:37 com_github_MitjaNemec_Archive3DModels.archive_3d_models 105:Remapping: /mnt/DAA829C1A8299CCF/EEE/S7/PROJ/COMPS/RST/50m/LIB_WSLP1206R0500FEA/WSLP1206R0500FEA/3D/WSLP1206R0500FEA.stp
01-30 15:26:37 com_github_MitjaNemec_Archive3DModels.archive_3d_models 45:Trying to copy: ${KIPRJMOD}/packages3D/WSLP1206R0500FEA.stp
01-30 15:26:37 com_github_MitjaNemec_Archive3DModels.archive_3d_models 105:Remapping: ${KIPRJMOD}/packages3D/WSLP1206R0500FEA.stp
01-30 15:26:37 com_github_MitjaNemec_Archive3DModels.archive_3d_models 34:Getting 3D models for footprint of: Buck_IC1
01-30 15:26:37 com_github_MitjaNemec_Archive3DModels.archive_3d_models 45:Trying to copy: /mnt/DAA829C1A8299CCF/EEE/S7/PROJ/COMPS/BCk/TPS62203DBVT/3D/TPS62203DBVT.stp
01-30 15:26:37 com_github_MitjaNemec_Archive3DModels.archive_3d_models 105:Remapping: /mnt/DAA829C1A8299CCF/EEE/S7/PROJ/COMPS/BCk/TPS62203DBVT/3D/TPS62203DBVT.stp
01-30 15:26:37 com_github_MitjaNemec_Archive3DModels.archive_3d_models 45:Trying to copy: ${KIPRJMOD}/packages3D/TPS62203DBVT.stp
01-30 15:26:37 com_github_MitjaNemec_Archive3DModels.archive_3d_models 105:Remapping: ${KIPRJMOD}/packages3D/TPS62203DBVT.stp
01-30 15:26:37 com_github_MitjaNemec_Archive3DModels.archive_3d_models 34:Getting 3D models for footprint of: SCLSDA1
01-30 15:26:37 com_github_MitjaNemec_Archive3DModels.archive_3d_models 45:Trying to copy: ${KICAD6_3DMODEL_DIR}/Connector_PinHeader_1.00mm.3dshapes/PinHeader_1x02_P1.00mm_Vertical.wrl
01-30 15:26:37 com_github_MitjaNemec_Archive3DModels.archive_3d_models 105:Remapping: ${KICAD6_3DMODEL_DIR}/Connector_PinHeader_1.00mm.3dshapes/PinHeader_1x02_P1.00mm_Vertical.wrl
01-30 15:26:37 com_github_MitjaNemec_Archive3DModels.archive_3d_models 34:Getting 3D models for footprint of: U3
01-30 15:26:37 com_github_MitjaNemec_Archive3DModels.archive_3d_models 45:Trying to copy: ${KIPRJMOD}/LIBS/3D/LTC2990CMS#PBF.stp
01-30 15:26:37 com_github_MitjaNemec_Archive3DModels.archive_3d_models 105:Remapping: ${KIPRJMOD}/LIBS/3D/LTC2990CMS#PBF.stp
01-30 15:26:37 com_github_MitjaNemec_Archive3DModels.archive_3d_models 45:Trying to copy: ${KIPRJMOD}/packages3D/LTC2990CMS#PBF.stp
01-30 15:26:37 com_github_MitjaNemec_Archive3DModels.archive_3d_models 105:Remapping: ${KIPRJMOD}/packages3D/LTC2990CMS#PBF.stp
01-30 15:26:37 com_github_MitjaNemec_Archive3DModels.archive_3d_models 34:Getting 3D models for footprint of: J3
01-30 15:26:37 com_github_MitjaNemec_Archive3DModels.archive_3d_models 45:Trying to copy: ${KICAD6_3DMODEL_DIR}/Connector_Pin.3dshapes/Pin_D1.3mm_L11.0mm_LooseFit.wrl
01-30 15:26:37 com_github_MitjaNemec_Archive3DModels.archive_3d_models 101:Did not copy: ${KICAD6_3DMODEL_DIR}/Connector_Pin.3dshapes/Pin_D1.3mm_L11.0mm_LooseFit.wrl
01-30 15:26:37 com_github_MitjaNemec_Archive3DModels.archive_3d_models 105:Remapping: ${KICAD6_3DMODEL_DIR}/Connector_Pin.3dshapes/Pin_D1.3mm_L11.0mm_LooseFit.wrl
01-30 15:26:37 com_github_MitjaNemec_Archive3DModels.archive_3d_models 34:Getting 3D models for footprint of: SCLSDA3
01-30 15:26:37 com_github_MitjaNemec_Archive3DModels.archive_3d_models 45:Trying to copy: ${KICAD6_3DMODEL_DIR}/Connector_PinHeader_1.00mm.3dshapes/PinHeader_1x02_P1.00mm_Vertical.wrl
01-30 15:26:37 com_github_MitjaNemec_Archive3DModels.archive_3d_models 105:Remapping: ${KICAD6_3DMODEL_DIR}/Connector_PinHeader_1.00mm.3dshapes/PinHeader_1x02_P1.00mm_Vertical.wrl
01-30 15:26:37 com_github_MitjaNemec_Archive3DModels.archive_3d_models 34:Getting 3D models for footprint of: C4
01-30 15:26:37 com_github_MitjaNemec_Archive3DModels.archive_3d_models 45:Trying to copy: /mnt/DAA829C1A8299CCF/EEE/S7/PROJ/COMPS/CAP/10u low esr AFK106M35C12T-F /LIB_AFK106M35C12T-F/AFK106M35C12T-F/3D/AFK106M35C12T-F.stp
01-30 15:26:37 com_github_MitjaNemec_Archive3DModels.archive_3d_models 105:Remapping: /mnt/DAA829C1A8299CCF/EEE/S7/PROJ/COMPS/CAP/10u low esr AFK106M35C12T-F /LIB_AFK106M35C12T-F/AFK106M35C12T-F/3D/AFK106M35C12T-F.stp
01-30 15:26:37 com_github_MitjaNemec_Archive3DModels.archive_3d_models 45:Trying to copy: ${KIPRJMOD}/packages3D/AFK106M35C12T-F.stp
01-30 15:26:37 com_github_MitjaNemec_Archive3DModels.archive_3d_models 105:Remapping: ${KIPRJMOD}/packages3D/AFK106M35C12T-F.stp
01-30 15:26:37 com_github_MitjaNemec_Archive3DModels.archive_3d_models 34:Getting 3D models for footprint of: U1
01-30 15:26:37 com_github_MitjaNemec_Archive3DModels.archive_3d_models 45:Trying to copy: ${KIPRJMOD}/LIBS/3D/LTC2990CMS#PBF.stp
01-30 15:26:37 com_github_MitjaNemec_Archive3DModels.archive_3d_models 105:Remapping: ${KIPRJMOD}/LIBS/3D/LTC2990CMS#PBF.stp
01-30 15:26:37 com_github_MitjaNemec_Archive3DModels.archive_3d_models 45:Trying to copy: ${KIPRJMOD}/packages3D/LTC2990CMS#PBF.stp
01-30 15:26:37 com_github_MitjaNemec_Archive3DModels.archive_3d_models 105:Remapping: ${KIPRJMOD}/packages3D/LTC2990CMS#PBF.stp
01-30 15:26:37 com_github_MitjaNemec_Archive3DModels.archive_3d_models 34:Getting 3D models for footprint of: R2
01-30 15:26:37 com_github_MitjaNemec_Archive3DModels.archive_3d_models 45:Trying to copy: /mnt/DAA829C1A8299CCF/EEE/S7/PROJ/COMPS/RST/30.9k/ul_RC0603FR-0730K9L/2022-12-29_14-17-29/STEP/RC0603N_YAG.step
01-30 15:26:37 com_github_MitjaNemec_Archive3DModels.archive_3d_models 105:Remapping: /mnt/DAA829C1A8299CCF/EEE/S7/PROJ/COMPS/RST/30.9k/ul_RC0603FR-0730K9L/2022-12-29_14-17-29/STEP/RC0603N_YAG.step
01-30 15:26:37 com_github_MitjaNemec_Archive3DModels.archive_3d_models 45:Trying to copy: ${KIPRJMOD}/packages3D/RC0603N_YAG.step
01-30 15:26:37 com_github_MitjaNemec_Archive3DModels.archive_3d_models 105:Remapping: ${KIPRJMOD}/packages3D/RC0603N_YAG.step
01-30 15:26:37 com_github_MitjaNemec_Archive3DModels.archive_3d_models 34:Getting 3D models for footprint of: SCLSDA2
01-30 15:26:37 com_github_MitjaNemec_Archive3DModels.archive_3d_models 45:Trying to copy: ${KICAD6_3DMODEL_DIR}/Connector_PinHeader_1.00mm.3dshapes/PinHeader_1x02_P1.00mm_Vertical.wrl
01-30 15:26:37 com_github_MitjaNemec_Archive3DModels.archive_3d_models 105:Remapping: ${KICAD6_3DMODEL_DIR}/Connector_PinHeader_1.00mm.3dshapes/PinHeader_1x02_P1.00mm_Vertical.wrl
01-30 15:26:37 com_github_MitjaNemec_Archive3DModels.archive_3d_models 34:Getting 3D models for footprint of: C1
01-30 15:26:37 com_github_MitjaNemec_Archive3DModels.archive_3d_models 45:Trying to copy: /mnt/DAA829C1A8299CCF/EEE/S7/PROJ/COMPS/CAP/10u low esr AFK106M35C12T-F /LIB_AFK106M35C12T-F/AFK106M35C12T-F/3D/AFK106M35C12T-F.stp
01-30 15:26:37 com_github_MitjaNemec_Archive3DModels.archive_3d_models 105:Remapping: /mnt/DAA829C1A8299CCF/EEE/S7/PROJ/COMPS/CAP/10u low esr AFK106M35C12T-F /LIB_AFK106M35C12T-F/AFK106M35C12T-F/3D/AFK106M35C12T-F.stp
01-30 15:26:37 com_github_MitjaNemec_Archive3DModels.archive_3d_models 45:Trying to copy: ${KIPRJMOD}/packages3D/AFK106M35C12T-F.stp
01-30 15:26:37 com_github_MitjaNemec_Archive3DModels.archive_3d_models 105:Remapping: ${KIPRJMOD}/packages3D/AFK106M35C12T-F.stp
01-30 15:26:37 com_github_MitjaNemec_Archive3DModels.archive_3d_models 34:Getting 3D models for footprint of: C3
01-30 15:26:37 com_github_MitjaNemec_Archive3DModels.archive_3d_models 45:Trying to copy: /mnt/DAA829C1A8299CCF/EEE/S7/PROJ/COMPS/CAP/4.7u/LIB_C1210C475K4RACAUTO/C1210C475K4RACAUTO/3D/C1210C475K4RACAUTO.stp
01-30 15:26:37 com_github_MitjaNemec_Archive3DModels.archive_3d_models 105:Remapping: /mnt/DAA829C1A8299CCF/EEE/S7/PROJ/COMPS/CAP/4.7u/LIB_C1210C475K4RACAUTO/C1210C475K4RACAUTO/3D/C1210C475K4RACAUTO.stp
01-30 15:26:37 com_github_MitjaNemec_Archive3DModels.archive_3d_models 45:Trying to copy: ${KIPRJMOD}/packages3D/C1210C475K4RACAUTO.stp
01-30 15:26:37 com_github_MitjaNemec_Archive3DModels.archive_3d_models 105:Remapping: ${KIPRJMOD}/packages3D/C1210C475K4RACAUTO.stp
01-30 15:26:37 com_github_MitjaNemec_Archive3DModels.archive_3d_models 34:Getting 3D models for footprint of: L1
01-30 15:26:37 com_github_MitjaNemec_Archive3DModels.archive_3d_models 45:Trying to copy: /mnt/DAA829C1A8299CCF/EEE/S7/PROJ/COMPS/INDC/2.2u/ul_IHLP2020CZER2R2M8A/2022-12-29_04-51-41/STEP/IND_IHLP-2020CZ-8A_VIS.step
01-30 15:26:37 com_github_MitjaNemec_Archive3DModels.archive_3d_models 105:Remapping: /mnt/DAA829C1A8299CCF/EEE/S7/PROJ/COMPS/INDC/2.2u/ul_IHLP2020CZER2R2M8A/2022-12-29_04-51-41/STEP/IND_IHLP-2020CZ-8A_VIS.step
01-30 15:26:37 com_github_MitjaNemec_Archive3DModels.archive_3d_models 116:Did not succeed to copy 3D models!
('J1', '${KICAD6_3DMODEL_DIR}/TerminalBlock_MetzConnect.3dshapes/TerminalBlock_MetzConnect_Type055_RT01503HDWU_1x03_P5.00mm_Horizontal.wrl')
('J2', '${KICAD6_3DMODEL_DIR}/Connector_Pin.3dshapes/Pin_D1.3mm_L11.0mm_LooseFit.wrl')
('J3', '${KICAD6_3DMODEL_DIR}/Connector_Pin.3dshapes/Pin_D1.3mm_L11.0mm_LooseFit.wrl')
